0 info it worked if it ends with ok
1 verbose cli [ '/usr/local/bin/node',
1 verbose cli   '/usr/local/bin/npm',
1 verbose cli   'install',
1 verbose cli   '-g',
1 verbose cli   'mocha' ]
2 info using npm@1.3.14
3 info using node@v0.11.9-pre
4 verbose cache add [ 'mocha', null ]
5 verbose cache add name=undefined spec="mocha" args=["mocha",null]
6 verbose parsed url { protocol: null,
6 verbose parsed url   slashes: null,
6 verbose parsed url   auth: null,
6 verbose parsed url   host: null,
6 verbose parsed url   port: null,
6 verbose parsed url   hostname: null,
6 verbose parsed url   hash: null,
6 verbose parsed url   search: null,
6 verbose parsed url   query: null,
6 verbose parsed url   pathname: 'mocha',
6 verbose parsed url   path: 'mocha',
6 verbose parsed url   href: 'mocha' }
7 silly lockFile a619da43-mocha mocha
8 verbose lock mocha /home/keith/.npm/a619da43-mocha.lock
9 silly lockFile a619da43-mocha mocha
10 silly lockFile a619da43-mocha mocha
11 verbose addNamed [ 'mocha', '' ]
12 verbose addNamed [ null, '*' ]
13 silly lockFile b9899f31-mocha mocha@
14 verbose lock mocha@ /home/keith/.npm/b9899f31-mocha.lock
15 silly addNameRange { name: 'mocha', range: '*', hasData: false }
16 verbose url raw mocha
17 verbose url resolving [ 'https://registry.npmjs.org/', './mocha' ]
18 verbose url resolved https://registry.npmjs.org/mocha
19 info trying registry request attempt 1 at 20:57:55
20 verbose etag "BAKAP7E03MX8X3RIM0PR13X1D"
21 http GET https://registry.npmjs.org/mocha
22 http 304 https://registry.npmjs.org/mocha
23 silly registry.get cb [ 304,
23 silly registry.get   { server: 'CouchDB/1.3.1 (Erlang OTP/R15B03)',
23 silly registry.get     etag: '"BAKAP7E03MX8X3RIM0PR13X1D"',
23 silly registry.get     date: 'Sun, 24 Nov 2013 01:58:01 GMT',
23 silly registry.get     'content-length': '0' } ]
24 verbose etag mocha from cache
25 silly addNameRange number 2 { name: 'mocha', range: '*', hasData: true }
26 silly addNameRange versions [ 'mocha',
26 silly addNameRange   [ '0.0.1-alpha1',
26 silly addNameRange     '0.0.1-alpha2',
26 silly addNameRange     '0.0.1-alpha3',
26 silly addNameRange     '0.0.1-alpha4',
26 silly addNameRange     '0.0.1-alpha5',
26 silly addNameRange     '0.0.1-alpha6',
26 silly addNameRange     '0.0.1',
26 silly addNameRange     '0.0.2',
26 silly addNameRange     '0.0.3',
26 silly addNameRange     '0.0.4',
26 silly addNameRange     '0.0.5',
26 silly addNameRange     '0.0.6',
26 silly addNameRange     '0.0.7',
26 silly addNameRange     '0.0.8',
26 silly addNameRange     '0.1.0',
26 silly addNameRange     '0.2.0',
26 silly addNameRange     '0.3.0',
26 silly addNameRange     '0.3.1',
26 silly addNameRange     '0.3.2',
26 silly addNameRange     '0.3.3',
26 silly addNameRange     '0.3.4',
26 silly addNameRange     '0.3.6',
26 silly addNameRange     '0.4.0',
26 silly addNameRange     '0.5.0',
26 silly addNameRange     '0.6.0',
26 silly addNameRange     '0.7.0',
26 silly addNameRange     '0.7.1',
26 silly addNameRange     '0.8.0',
26 silly addNameRange     '0.8.1',
26 silly addNameRange     '0.9.0',
26 silly addNameRange     '0.10.0',
26 silly addNameRange     '0.10.1',
26 silly addNameRange     '0.10.2',
26 silly addNameRange     '0.11.0',
26 silly addNameRange     '0.12.0',
26 silly addNameRange     '0.12.1',
26 silly addNameRange     '0.13.0',
26 silly addNameRange     '0.14.0',
26 silly addNameRange     '0.14.1',
26 silly addNameRange     '1.0.0',
26 silly addNameRange     '1.0.1',
26 silly addNameRange     '1.0.2',
26 silly addNameRange     '1.0.3',
26 silly addNameRange     '1.1.0',
26 silly addNameRange     '1.2.0',
26 silly addNameRange     '1.2.1',
26 silly addNameRange     '1.2.2',
26 silly addNameRange     '1.3.0',
26 silly addNameRange     '1.3.1',
26 silly addNameRange     '1.3.2',
26 silly addNameRange     '1.4.0',
26 silly addNameRange     '1.4.1',
26 silly addNameRange     '1.4.2',
26 silly addNameRange     '1.4.3',
26 silly addNameRange     '1.5.0',
26 silly addNameRange     '1.6.0',
26 silly addNameRange     '1.7.0',
26 silly addNameRange     '1.7.1',
26 silly addNameRange     '1.7.2',
26 silly addNameRange     '1.7.3',
26 silly addNameRange     '1.7.4',
26 silly addNameRange     '1.8.0',
26 silly addNameRange     '1.8.1',
26 silly addNameRange     '1.8.2',
26 silly addNameRange     '1.9.0',
26 silly addNameRange     '1.10.0',
26 silly addNameRange     '1.11.0',
26 silly addNameRange     '1.12.0',
26 silly addNameRange     '1.12.1',
26 silly addNameRange     '1.13.0',
26 silly addNameRange     '1.14.0' ] ]
27 verbose addNamed [ 'mocha', '1.14.0' ]
28 verbose addNamed [ '1.14.0', '1.14.0' ]
29 silly lockFile ee8f1aca-mocha-1-14-0 mocha@1.14.0
30 verbose lock mocha@1.14.0 /home/keith/.npm/ee8f1aca-mocha-1-14-0.lock
31 silly lockFile ee8f1aca-mocha-1-14-0 mocha@1.14.0
32 silly lockFile ee8f1aca-mocha-1-14-0 mocha@1.14.0
33 silly lockFile b9899f31-mocha mocha@
34 silly lockFile b9899f31-mocha mocha@
35 silly resolved [ { name: 'mocha',
35 silly resolved     version: '1.14.0',
35 silly resolved     description: 'simple, flexible, fun test framework',
35 silly resolved     keywords: [ 'mocha', 'test', 'bdd', 'tdd', 'tap' ],
35 silly resolved     author: { name: 'TJ Holowaychuk', email: 'tj@vision-media.ca' },
35 silly resolved     repository: { type: 'git', url: 'git://github.com/visionmedia/mocha.git' },
35 silly resolved     main: './index',
35 silly resolved     bin: { mocha: './bin/mocha', _mocha: './bin/_mocha' },
35 silly resolved     engines: { node: '>= 0.4.x' },
35 silly resolved     scripts: { test: 'make test-all' },
35 silly resolved     dependencies:
35 silly resolved      { commander: '2.0.0',
35 silly resolved        growl: '1.7.x',
35 silly resolved        jade: '0.26.3',
35 silly resolved        diff: '1.0.7',
35 silly resolved        debug: '*',
35 silly resolved        mkdirp: '0.3.5',
35 silly resolved        glob: '3.2.3' },
35 silly resolved     devDependencies: { should: '>= 2.0.x', 'coffee-script': '1.2' },
35 silly resolved     files: [ 'bin', 'images', 'lib', 'index.js', 'mocha.css', 'mocha.js' ],
35 silly resolved     readme: ' [![Build Status](https://secure.travis-ci.org/visionmedia/mocha.png)](http://travis-ci.org/visionmedia/mocha)\n\n  [![Mocha test framework](http://f.cl.ly/items/3l1k0n2A1U3M1I1L210p/Screen%20Shot%202012-02-24%20at%202.21.43%20PM.png)](http://visionmedia.github.io/mocha)\n\n  Mocha is a simple, flexible, fun JavaScript test framework for node.js and the browser. For more information view the [documentation](http://visionmedia.github.io/mocha).\n\n## Contributors\n\n```\n\n project  : mocha\n repo age : 1 year, 7 months\n active   : 272 days\n commits  : 1116\n files    : 123\n authors  :\n   504  TJ Holowaychuk          45.2%\n   389  Tj Holowaychuk          34.9%\n    31  Guillermo Rauch         2.8%\n    13  Attila Domokos          1.2%\n     9  John Firebaugh          0.8%\n     8  Jo Liss                 0.7%\n     7  Nathan Rajlich          0.6%\n     6  James Carr              0.5%\n     6  Brendan Nee             0.5%\n     5  Aaron Heckmann          0.4%\n     4  hokaccha                0.4%\n     4  Xavier Antoviaque       0.4%\n     4  Joshua Krall            0.4%\n     3  Wil Moore III           0.3%\n     3  Jesse Dailey            0.3%\n     3  Nathan Bowser           0.3%\n     3  Tyson Tate              0.3%\n     3  Cory Thomas             0.3%\n     3  Ryunosuke SATO          0.3%\n     3  Paul Miller             0.3%\n     3  Ben Lindsey             0.3%\n     2  Forbes Lindesay         0.2%\n     2  Konstantin Käfer        0.2%\n     2  Brian Beck              0.2%\n     2  Merrick Christensen     0.2%\n     2  Michael Riley           0.2%\n     2  David Henderson         0.2%\n     2  Nathan Alderson         0.2%\n     2  Paul Armstrong          0.2%\n     2  Pete Hawkins            0.2%\n     2  Quang Van               0.2%\n     2  Raynos                  0.2%\n     2  Jonas Westerlund        0.2%\n     2  Domenic Denicola        0.2%\n     2  Shawn Krisman           0.2%\n     2  Simon Gaeremynck        0.2%\n     2  FARKAS Máté             0.2%\n     2  Timo Tijhof             0.2%\n     2  Justin DuJardin         0.2%\n     2  Juzer Ali               0.2%\n     2  Ian Storm Taylor        0.2%\n     2  Arian Stolwijk          0.2%\n     2  domenic                 0.2%\n     1  Richard Dingwall        0.1%\n     1  Russ Bradberry          0.1%\n     1  Sasha Koss              0.1%\n     1  Seiya Konno             0.1%\n     1  Standa Opichal          0.1%\n     1  Steve Mason             0.1%\n     1  Will Langstroth         0.1%\n     1  Yanis Wang              0.1%\n     1  Yuest Wang              0.1%\n     1  abrkn                   0.1%\n     1  airportyh               0.1%\n     1  fengmk2                 0.1%\n     1  tgautier@yahoo.com      0.1%\n     1  traleig1                0.1%\n     1  vlad                    0.1%\n     1  yuitest                 0.1%\n     1  Adam Crabtree           0.1%\n     1  Andreas Brekken         0.1%\n     1  Atsuya Takagi           0.1%\n     1  Austin Birch            0.1%\n     1  Bjørge Næss             0.1%\n     1  Brian Moore             0.1%\n     1  Bryan Donovan           0.1%\n     1  Casey Foster            0.1%\n     1  Corey Butler            0.1%\n     1  Dave McKenna            0.1%\n     1  Fedor Indutny           0.1%\n     1  Florian Margaine        0.1%\n     1  Frederico Silva         0.1%\n     1  Fredrik Lindin          0.1%\n     1  Gareth Murphy           0.1%\n     1  Gavin Mogan             0.1%\n     1  Greg Perkins            0.1%\n     1  Harry Brundage          0.1%\n     1  Herman Junge            0.1%\n     1  Ian Young               0.1%\n     1  Ivan                    0.1%\n     1  Jaakko Salonen          0.1%\n     1  Jakub Nešetřil          0.1%\n     1  James Bowes             0.1%\n     1  James Lal               0.1%\n     1  Jason Barry             0.1%\n     1  Javier Aranda           0.1%\n     1  Jeff Kunkle             0.1%\n     1  Jonathan Creamer        0.1%\n     1  Jussi Virtanen          0.1%\n     1  Katie Gengler           0.1%\n     1  Kazuhito Hokamura       0.1%\n     1  Koen Punt               0.1%\n     1  Laszlo Bacsi            0.1%\n     1  László Bácsi            0.1%\n     1  Maciej Małecki          0.1%\n     1  Matt Robenolt           0.1%\n     1  Matt Smith              0.1%\n     1  Matthew Shanley         0.1%\n     1  Michael Schoonmaker     0.1%\n     1  Phil Sung               0.1%\n     1  R56                     0.1%\n```\n\n## Links\n\n  - [Google Group](http://groups.google.com/group/mochajs)\n  - [Wiki](https://github.com/visionmedia/mocha/wiki)\n  - Mocha [Extensions and reporters](https://github.com/visionmedia/mocha/wiki)\n',
35 silly resolved     readmeFilename: 'Readme.md',
35 silly resolved     bugs: { url: 'https://github.com/visionmedia/mocha/issues' },
35 silly resolved     homepage: 'https://github.com/visionmedia/mocha',
35 silly resolved     _id: 'mocha@1.14.0',
35 silly resolved     _from: 'mocha@' } ]
36 info install mocha@1.14.0 into /usr/local/lib
37 info installOne mocha@1.14.0
38 info /usr/local/lib/node_modules/mocha unbuild
39 info preuninstall mocha@1.14.0
40 info uninstall mocha@1.14.0
41 verbose true,/usr/local/lib/node_modules,/usr/local/lib/node_modules unbuild mocha@1.14.0
42 verbose /usr/local/bin,[object Object] binRoot
43 info /usr/local/lib/node_modules/mocha unbuild
44 info preuninstall mocha@1.14.0
45 info uninstall mocha@1.14.0
46 verbose true,/usr/local/lib/node_modules,/usr/local/lib/node_modules unbuild mocha@1.14.0
47 verbose /usr/local/bin,[object Object] binRoot
48 error error rolling back Error: EACCES, unlink '/usr/local/bin/_mocha'
48 error error rolling back  mocha@1.14.0 { [Error: EACCES, unlink '/usr/local/bin/_mocha']
48 error error rolling back   stack: 'Error: EACCES, unlink \'/usr/local/bin/_mocha\'',
48 error error rolling back   errno: -13,
48 error error rolling back   code: 'EACCES',
48 error error rolling back   path: '/usr/local/bin/_mocha' }
49 error Error: EACCES, unlink '/usr/local/bin/mocha'
49 error  { [Error: EACCES, unlink '/usr/local/bin/mocha']
49 error   stack: 'Error: EACCES, unlink \'/usr/local/bin/mocha\'',
49 error   errno: -13,
49 error   code: 'EACCES',
49 error   path: '/usr/local/bin/mocha' }
50 error Please try running this command again as root/Administrator.
51 error System Linux 2.6.38-16-generic
52 error command "/usr/local/bin/node" "/usr/local/bin/npm" "install" "-g" "mocha"
53 error cwd /home/keith/Projects/sokoban-inversion
54 error node -v v0.11.9-pre
55 error npm -v 1.3.14
56 error path /usr/local/bin/mocha
57 error code EACCES
58 error errno -13
59 error stack Error: EACCES, unlink '/usr/local/bin/mocha'
60 verbose exit [ -13, true ]
